2026-02-06 15:35:59,925 | INFO | Use pytorch device_name: cpu
2026-02-06 15:35:59,925 | INFO | Load pretrained SentenceTransformer: paraphrase-multilingual-MiniLM-L12-v2
2026-02-06 15:36:02,904 | INFO | Adding job tentatively -- it will be properly scheduled when the scheduler starts
2026-02-06 15:36:02,906 | INFO | Added job "send_reminder" to job store "default"
2026-02-06 15:36:02,906 | INFO | Scheduler started
2026-02-06 15:36:02,906 | INFO | Планировщик запущен: ежедневные напоминания в 09:00 UTC
2026-02-06 15:36:02,906 | INFO | Планировщик запущен
2026-02-06 15:36:02,906 | INFO | Start polling
2026-02-06 15:36:03,034 | INFO | Run polling for bot @kytchi_bot id=8469370108 - 'КЫТЧИ'
2026-02-06 15:36:50,471 | INFO | Update id=240992406 is handled. Duration 172 ms by bot id=8469370108
2026-02-06 15:36:51,754 | INFO | Пользователь 5312854410 добавлен в БД с городом 3
2026-02-06 15:36:51,862 | INFO | Update id=240992407 is handled. Duration 110 ms by bot id=8469370108
2026-02-06 15:36:54,426 | INFO | Найдено событий в msk: 50
2026-02-06 15:36:54,428 | INFO | Найдено событий в spb: 50
2026-02-06 15:36:54,428 | INFO | Всего кандидатов: 100
2026-02-06 15:36:54,428 | INFO | Рекомендовано событий: 5
2026-02-06 15:36:54,430 | INFO | [show_event] attempt=0, current_index=0, len=5
2026-02-06 15:36:54,430 | INFO | [show_event] Событие №0: {'id': 98086, 'title': 'спектакль «Питер Пэн» в Театре им. Вахтангова', 'description': '<p>Постановка режиссёра Александра Коручекова по волшебной пьесе Джеймса Барри.</p>\n', 'start_datetime': 1770390000, 'event_url': 'https://kudago.com/msk/event/spektakl-piter-pen-v-teatre-vahtangova/', 'status_ml': [{'score': 0.5798342488971431, 'category': 'Семейные ценители', 'description': ''}, {'score': 0.569334025673489, 'category': 'Молодые театралы', 'description': ''}, {'score': 0.5055584767104953, 'category': 'Театралы‑классики', 'description': ''}, {'score': 0.4628169211355207, 'category': 'Кино‑ и сериальные фанаты', 'description': ''}, {'score': 0.4589792919059843, 'category': 'Поклонники современного танца', 'description': ''}, {'score': 0.4562560000027981, 'category': 'Фанаты мюзиклов и Бродвея', 'description': ''}, {'score': 0.4556245594584863, 'category': 'Фанаты косплея', 'description': ''}, {'score': 0.44890653558507243, 'category': 'Любители гастрономического театра', 'description': ''}, {'score': 0.44522279217256877, 'category': 'Родители‑сопровождающие', 'description': ''}, {'score': 0.4355075135834735, 'category': 'Любители абсурда и чёрного юмора', 'description': ''}], 'likes': 0, 'address': '', 'place_title': ''}
2026-02-06 15:36:55,511 | INFO | Update id=240992408 is handled. Duration 1094 ms by bot id=8469370108
2026-02-06 15:37:00,193 | INFO | [show_event] attempt=0, current_index=1, len=5
2026-02-06 15:37:00,193 | INFO | [show_event] Событие №1: {'id': 212969, 'title': 'встреча «Играриум»', 'description': '<p>Клуб любителей настольных игр «Играриум» приглашает всех на встречу, где можно посостязаться в популярных настолках и познакомиться с новыми играми. Это отличная возможность провести время весело, найти единомышленников и развить свои навыки в игровом мастерстве.</p>', 'start_datetime': 1770391800, 'event_url': 'https://kudago.com/msk/event/igra-igrarium/', 'status_ml': [{'score': 0.7238764492864652, 'category': 'Фанаты настольных игр', 'description': ''}, {'score': 0.6211365296075534, 'category': 'Фанаты киберспорта', 'description': ''}, {'score': 0.5910175583791455, 'category': 'Поклонники киберспорта', 'description': ''}, {'score': 0.5759174634371447, 'category': 'Поклонники ретро‑игр', 'description': ''}, {'score': 0.5474183519277831, 'category': 'Любители интеллектуальных квестов', 'description': ''}, {'score': 0.5463371311220255, 'category': 'Поклонники настольных ролевых игр', 'description': ''}, {'score': 0.5307792971744272, 'category': 'Фанаты настольных стратегий', 'description': ''}, {'score': 0.49954603835803035, 'category': 'Фанаты ретро‑видеоигр', 'description': ''}, {'score': 0.49432300724319617, 'category': 'Спортивные энтузиасты', 'description': ''}, {'score': 0.47364056160853374, 'category': 'Любители интеллектуальных игр', 'description': ''}], 'likes': 0, 'address': 'ул. Большая Черкизовская, д. 4/1', 'place_title': 'Российская государственная библиотека для молодёжи'}
2026-02-06 15:37:00,286 | INFO | Update id=240992409 is handled. Duration 171 ms by bot id=8469370108
2026-02-06 15:37:03,282 | INFO | [show_event] attempt=0, current_index=2, len=5
2026-02-06 15:37:03,282 | INFO | [show_event] Событие №2: {'id': 199924, 'title': 'спектакль «Слишком женатый таксист»', 'description': '<p>Постановка по пьесе британского драматурга Рэя Куни поведает зрителям захватывающую и умопомрачительно <a class="external-link" href="https://comedytheatre.ru/repertoire/slishkom-zhenatyy-taksist?msk=1&utm_source=kudago&utm_medium=kudago&utm_campaign=kudago&erid=2SDnjcG9M1h" rel="nofollow" target="_blank">смешную историю</a> таксиста-двоеженца. </p>', 'start_datetime': 1770393600, 'event_url': 'https://kudago.com/msk/event/teatr-slishkom-zhenatyij-taksist-oktyabr-2022/', 'status_ml': [{'score': 0.5343856093211068, 'category': 'Молодые театралы', 'description': ''}, {'score': 0.5133511632875739, 'category': 'Поклонники стендапа', 'description': ''}, {'score': 0.49558499298747416, 'category': 'Любители абсурда и чёрного юмора', 'description': ''}, {'score': 0.4802768012635861, 'category': 'Любители гастрономического театра', 'description': ''}, {'score': 0.47153242283360214, 'category': 'Интеллектуалы‑гуманитарии', 'description': ''}, {'score': 0.4542330105240765, 'category': 'Кино‑ и сериальные фанаты', 'description': ''}, {'score': 0.4514693944351333, 'category': 'Фанаты научной фантастики (литературные)', 'description': ''}, {'score': 0.4362760990151369, 'category': 'Эзотерики и мистики', 'description': ''}, {'score': 0.4268279192299573, 'category': 'Фанаты уличных перформансов', 'description': ''}, {'score': 0.42499275791354374, 'category': 'Поклонники этнического искусства', 'description': ''}], 'likes': 0, 'address': '', 'place_title': ''}
2026-02-06 15:37:03,400 | INFO | Update id=240992410 is handled. Duration 218 ms by bot id=8469370108
2026-02-06 15:37:07,556 | INFO | [show_event] attempt=0, current_index=3, len=5
2026-02-06 15:37:07,560 | INFO | [show_event] Событие №3: {'id': 73961, 'title': 'пробные уроки по хастлу (парные танцы)', 'description': '<p>Хастл — парный танец, развивающий индивидуальность, подвижность и творческое мышление. В студии танца Alpha Dance состоится пробный урок по хастлу, на котором можно познакомиться с преподавателями и насладиться настоящим феерическим дэнс-шоу.</p>\n', 'start_datetime': 1770393600, 'event_url': 'https://kudago.com/msk/event/otkrytyj-urok-po-hastlu-msk/', 'status_ml': [{'score': 0.7526576288744442, 'category': 'Фитнес‑энтузиасты с креативным уклоном', 'description': ''}, {'score': 0.7225203607090009, 'category': 'Поклонники современного танца', 'description': ''}, {'score': 0.7065318943863514, 'category': 'Поклонники этнического танца', 'description': ''}, {'score': 0.5603293798538628, 'category': 'Адепты wellness и медитации', 'description': ''}, {'score': 0.5581808809032538, 'category': 'Спортивные энтузиасты', 'description': ''}, {'score': 0.5442902004210228, 'category': 'Любители интеллектуальных квестов', 'description': ''}, {'score': 0.504457338726358, 'category': 'Фанаты мюзиклов и Бродвея', 'description': ''}, {'score': 0.4644365823049824, 'category': 'Фанаты исторического фехтования', 'description': ''}, {'score': 0.4512257225794385, 'category': 'Любители научного поп‑просвещения', 'description': ''}, {'score': 0.4241596328784414, 'category': 'Последователи slow living', 'description': ''}], 'likes': 0, 'address': '', 'place_title': ''}
2026-02-06 15:37:07,648 | INFO | Update id=240992411 is handled. Duration 156 ms by bot id=8469370108
2026-02-06 15:37:09,904 | INFO | [show_event] attempt=0, current_index=4, len=5
2026-02-06 15:37:09,904 | INFO | [show_event] Событие №4: {'id': 198894, 'title': 'лекция «Сюрреализм на подиуме: Дали и Скиапарелли»', 'description': '<p>Слушатели увидят удивительные коллаборации Эльзы Скиапарелли и Сальвадора Дали, узнают, как сюрреализм влияет на современные модные тенденции, и познакомятся с судьбой знаменитого модельера XX века.</p>', 'start_datetime': 1770393600, 'event_url': 'https://kudago.com/msk/event/obuchenie-dali-na-podiume-kak-syurrealizm-zahvatil-modu/', 'status_ml': [{'score': 0.6521504358287653, 'category': 'Интеллектуалы‑гуманитарии', 'description': ''}, {'score': 0.5871598208006691, 'category': 'Поклонники современного танца', 'description': ''}, {'score': 0.5692979825143867, 'category': 'Фанаты косплея', 'description': ''}, {'score': 0.5424274992933967, 'category': 'Любители винтажной моды', 'description': ''}, {'score': 0.5378890395437417, 'category': 'Ценители винтажной моды', 'description': ''}, {'score': 0.5284703617647852, 'category': 'Фитнес‑энтузиасты с креативным уклоном', 'description': ''}, {'score': 0.5109255103576161, 'category': 'Эзотерики и мистики', 'description': ''}, {'score': 0.49981334438137864, 'category': 'Поклонники этнического танца', 'description': ''}, {'score': 0.4980916327931477, 'category': 'Любители иммерсивного театра', 'description': ''}, {'score': 0.48681442193539337, 'category': 'Фанаты киберпанк‑эстетики', 'description': ''}], 'likes': 0, 'address': '', 'place_title': ''}
2026-02-06 15:37:09,971 | INFO | Update id=240992412 is handled. Duration 108 ms by bot id=8469370108
2026-02-06 15:37:11,154 | ERROR | Неожиданная ошибка в button_handler для 5312854410: cannot access local variable 'event_id' where it is not associated with a value
Traceback (most recent call last):
  File "C:\Users\arsenii\events_soft\bot\handlers.py", line 288, in button_handler
    db.increment_event_likes(event_id, 'spb')
                             ^^^^^^^^
UnboundLocalError: cannot access local variable 'event_id' where it is not associated with a value
2026-02-06 15:37:11,198 | INFO | Update id=240992413 is handled. Duration 47 ms by bot id=8469370108
2026-02-06 15:37:14,200 | INFO | [show_event] attempt=0, current_index=5, len=5
2026-02-06 15:37:14,266 | INFO | Update id=240992414 is handled. Duration 109 ms by bot id=8469370108
2026-02-06 15:37:16,326 | INFO | Update id=240992415 is handled. Duration 0 ms by bot id=8469370108
2026-02-06 15:37:20,252 | INFO | Найдено событий в msk: 50
2026-02-06 15:37:20,256 | INFO | Найдено событий в spb: 50
2026-02-06 15:37:20,256 | INFO | Всего кандидатов: 100
2026-02-06 15:37:22,460 | INFO | Рекомендовано событий: 5
2026-02-06 15:37:22,460 | INFO | [show_event] attempt=0, current_index=0, len=5
2026-02-06 15:37:22,460 | INFO | [show_event] Событие №0: {'id': 222565, 'title': 'концерт «Звёзды XXI века»', 'description': '<p>На сцене встретятся молодые солисты и большой оркестр, чтобы сыграть три контрастных концерта Бетховена, Шостаковича и Бартока. </p>', 'start_datetime': 1770393600, 'event_url': 'https://kudago.com/msk/event/kontsert-zvezdyi-xxi-veka-fftqyg/', 'status_ml': [{'score': 0.7789553622023369, 'category': 'Ценители оперного и вокального искусства', 'description': ''}, {'score': 0.72587398785151, 'category': 'Джаз‑адепты', 'description': ''}, {'score': 0.717329975939917, 'category': 'Меломаны‑неоклассики', 'description': ''}, {'score': 0.6960833045992172, 'category': 'Романтики‑эстеты', 'description': ''}, {'score': 0.653217476559597, 'category': 'Ценители камерной музыки', 'description': ''}, {'score': 0.615282811678157, 'category': 'Ностальгирующие романтики', 'description': ''}, {'score': 0.5619252123222678, 'category': 'Любители этнографической музыки', 'description': ''}, {'score': 0.549759219148704, 'category': 'Рок‑энтузиасты', 'description': ''}, {'score': 0.5360092655956981, 'category': 'Поклонники стендапа', 'description': ''}, {'score': 0.5323533435111134, 'category': 'Молодые театралы', 'description': ''}], 'likes': 0, 'address': '', 'place_title': ''}
2026-02-06 15:37:22,530 | INFO | Update id=240992416 is handled. Duration 2281 ms by bot id=8469370108
2026-02-06 15:37:26,088 | INFO | [show_event] attempt=0, current_index=1, len=5
2026-02-06 15:37:26,088 | INFO | [show_event] Событие №1: {'id': 222471, 'title': 'концерт группы «Куприянов»', 'description': '<p>Громкие гитары, узнаваемые припевы и голос, который помнят по «Чёрному Кофе» и другим проектам. Игорь Куприянов выходит на сцену со своей нынешней группой «Куприянов» — будет живой рок без лишней мишуры: бас, вокал и песни, которые легко подхватывает зал.</p>', 'start_datetime': 1770393600, 'event_url': 'https://kudago.com/spb/event/kontsert-kupriyanov/', 'status_ml': [{'score': 0.6797416979764601, 'category': 'Рок‑энтузиасты', 'description': ''}, {'score': 0.61898044991786, 'category': 'Джаз‑адепты', 'description': ''}, {'score': 0.5980561316537182, 'category': 'Nostalgia‑поколение', 'description': ''}, {'score': 0.5634949267082066, 'category': 'Ценители камерной музыки', 'description': ''}, {'score': 0.5617941031932425, 'category': 'Романтики‑эстеты', 'description': ''}, {'score': 0.5289205506770774, 'category': 'Ценители оперного и вокального искусства', 'description': ''}, {'score': 0.5235423586359835, 'category': 'Поклонники стендапа', 'description': ''}, {'score': 0.5218847944153441, 'category': 'Любители этнографической музыки', 'description': ''}, {'score': 0.49558661913414803, 'category': 'Меломаны‑неоклассики', 'description': ''}, {'score': 0.47609602831864484, 'category': 'Ностальгирующие романтики', 'description': ''}], 'likes': 0, 'address': 'ул. Маршала Говорова, д. 47', 'place_title': 'клуб The Place'}
2026-02-06 15:37:26,164 | INFO | Update id=240992417 is handled. Duration 139 ms by bot id=8469370108
2026-02-06 15:37:28,790 | ERROR | Неожиданная ошибка в button_handler для 5312854410: cannot access local variable 'event_id' where it is not associated with a value
Traceback (most recent call last):
  File "C:\Users\arsenii\events_soft\bot\handlers.py", line 288, in button_handler
    db.increment_event_likes(event_id, 'spb')
                             ^^^^^^^^
UnboundLocalError: cannot access local variable 'event_id' where it is not associated with a value
2026-02-06 15:37:28,846 | INFO | Update id=240992418 is handled. Duration 47 ms by bot id=8469370108
2026-02-06 15:37:30,628 | ERROR | Неожиданная ошибка в button_handler для 5312854410: cannot access local variable 'event_id' where it is not associated with a value
Traceback (most recent call last):
  File "C:\Users\arsenii\events_soft\bot\handlers.py", line 288, in button_handler
    db.increment_event_likes(event_id, 'spb')
                             ^^^^^^^^
UnboundLocalError: cannot access local variable 'event_id' where it is not associated with a value
2026-02-06 15:37:30,676 | INFO | Update id=240992419 is handled. Duration 46 ms by bot id=8469370108
2026-02-06 15:37:32,302 | ERROR | Неожиданная ошибка в button_handler для 5312854410: cannot access local variable 'event_id' where it is not associated with a value
Traceback (most recent call last):
  File "C:\Users\arsenii\events_soft\bot\handlers.py", line 288, in button_handler
    db.increment_event_likes(event_id, 'spb')
                             ^^^^^^^^
UnboundLocalError: cannot access local variable 'event_id' where it is not associated with a value
2026-02-06 15:37:32,389 | INFO | Update id=240992420 is handled. Duration 94 ms by bot id=8469370108
2026-02-06 15:37:34,123 | ERROR | Неожиданная ошибка в button_handler для 5312854410: cannot access local variable 'event_id' where it is not associated with a value
Traceback (most recent call last):
  File "C:\Users\arsenii\events_soft\bot\handlers.py", line 288, in button_handler
    db.increment_event_likes(event_id, 'spb')
                             ^^^^^^^^
UnboundLocalError: cannot access local variable 'event_id' where it is not associated with a value
2026-02-06 15:37:34,186 | INFO | Update id=240992421 is handled. Duration 62 ms by bot id=8469370108
2026-02-06 15:37:54,473 | INFO | Событие 222471: лайк добавлен (+1)
2026-02-06 15:37:54,473 | WARNING | Событие 222471 не найдено в таблице msk
2026-02-06 15:37:54,473 | INFO | Обновление статуса пользователя. Исходный статус: [], Событие: [{'score': 0.6797416979764601, 'category': 'Рок‑энтузиасты', 'description': ''}, {'score': 0.61898044991786, 'category': 'Джаз‑адепты', 'description': ''}, {'score': 0.5980561316537182, 'category': 'Nostalgia‑поколение', 'description': ''}, {'score': 0.5634949267082066, 'category': 'Ценители камерной музыки', 'description': ''}, {'score': 0.5617941031932425, 'category': 'Романтики‑эстеты', 'description': ''}, {'score': 0.5289205506770774, 'category': 'Ценители оперного и вокального искусства', 'description': ''}, {'score': 0.5235423586359835, 'category': 'Поклонники стендапа', 'description': ''}, {'score': 0.5218847944153441, 'category': 'Любители этнографической музыки', 'description': ''}, {'score': 0.49558661913414803, 'category': 'Меломаны‑неоклассики', 'description': ''}, {'score': 0.47609602831864484, 'category': 'Ностальгирующие романтики', 'description': ''}], вес: 0.3
2026-02-06 15:37:54,473 | INFO | Обновлённый статус: [{'category': 'Рок‑энтузиасты', 'score': 0.20392250939293802}, {'category': 'Джаз‑адепты', 'score': 0.185694134975358}, {'category': 'Nostalgia‑поколение', 'score': 0.17941683949611545}, {'category': 'Ценители камерной музыки', 'score': 0.16904847801246195}, {'category': 'Романтики‑эстеты', 'score': 0.16853823095797274}, {'category': 'Ценители оперного и вокального искусства', 'score': 0.15867616520312322}, {'category': 'Поклонники стендапа', 'score': 0.15706270759079505}, {'category': 'Любители этнографической музыки', 'score': 0.1565654383246032}, {'category': 'Меломаны‑неоклассики', 'score': 0.1486759857402444}, {'category': 'Ностальгирующие романтики', 'score': 0.14282880849559346}]
2026-02-06 15:37:54,473 | INFO | Пользователь 5312854410 обновил статус после лайка события 222471. Категории: ['Рок‑энтузиасты', 'Джаз‑адепты', 'Nostalgia‑поколение', 'Ценители камерной музыки', 'Романтики‑эстеты', 'Ценители оперного и вокального искусства', 'Поклонники стендапа', 'Любители этнографической музыки', 'Меломаны‑неоклассики', 'Ностальгирующие романтики']
2026-02-06 15:37:54,631 | INFO | [show_event] attempt=0, current_index=2, len=5
2026-02-06 15:37:54,631 | INFO | [show_event] Событие №2: {'id': 194164, 'title': 'балет «Спящая красавица» в постановке арт-центра «Сен-Мишель»', 'description': '<p>«Спящая красавица» — восхитительная сказка Шарля Перро с музыкой Петра Ильича Чайковского. Виртуозный и динамичный балет в постановке компании «Сен-Мишель» известен далеко за пределами России.</p>', 'start_datetime': 1770393600, 'event_url': 'https://kudago.com/spb/event/teatr-spyaschaya-krasavitsa-oktyabr-2021/', 'status_ml': [{'score': 0.5673490915127517, 'category': 'Фанаты мюзиклов и Бродвея', 'description': ''}, {'score': 0.5550753244903468, 'category': 'Молодые театралы', 'description': ''}, {'score': 0.5313568196317392, 'category': 'Поклонники современного танца', 'description': ''}, {'score': 0.5205746722244, 'category': 'Театралы‑классики', 'description': ''}, {'score': 0.4928841989168299, 'category': 'Ностальгирующие романтики', 'description': ''}, {'score': 0.4814117440523987, 'category': 'Литературные гурманы', 'description': ''}, {'score': 0.4639958198027598, 'category': 'Ценители оперного и вокального искусства', 'description': ''}, {'score': 0.45963403694856986, 'category': 'Поклонники этнического танца', 'description': ''}, {'score': 0.4477078241247474, 'category': 'Романтики‑эстеты', 'description': ''}, {'score': 0.4425280960778077, 'category': 'Исследователи городской среды', 'description': ''}], 'likes': 0, 'address': '', 'place_title': ''}
2026-02-06 15:37:54,728 | INFO | Update id=240992422 is handled. Duration 266 ms by bot id=8469370108
2026-02-06 15:37:57,232 | INFO | [show_event] attempt=0, current_index=3, len=5
2026-02-06 15:37:57,232 | INFO | [show_event] Событие №3: {'id': 222688, 'title': 'серия кинопоказов «Ещё раз про любовь»', 'description': '<p>Серия утренних показов советских мелодрам о любви в Большом зале «Иллюзиона» собирает на одном экране комедии и драмы из коллекции Госфильмофонда. Плёнка 35 мм, живые диалоги и узнаваемые герои помогают провести последние зимние недели в компании тёплых, честных и очень разных историй о чувствах и вспомнить, как кино учило говорить о самом главном.</p>', 'start_datetime': 1770447600, 'event_url': 'https://kudago.com/msk/event/seriya-kinopokazov-esche-raz-pro-lyubov/', 'status_ml': [{'score': 0.6205150150563655, 'category': 'Фанаты мюзиклов и Бродвея', 'description': ''}, {'score': 0.5422570594265645, 'category': 'Поклонники стендапа', 'description': ''}, {'score': 0.5346430477405328, 'category': 'Молодые театралы', 'description': ''}, {'score': 0.5010509526607942, 'category': 'Поклонники современного танца', 'description': ''}, {'score': 0.49904453689052436, 'category': 'Любители абсурда и чёрного юмора', 'description': ''}, {'score': 0.49553120898411357, 'category': 'Ценители камерной поэзии', 'description': ''}, {'score': 0.4834649054268424, 'category': 'Кино‑ и сериальные фанаты', 'description': ''}, {'score': 0.47857351628237155, 'category': 'Любители гастрономического театра', 'description': ''}, {'score': 0.47411874066612414, 'category': 'Литературные гурманы', 'description': ''}, {'score': 0.46868516757291345, 'category': 'Фанаты видеоэссе и аналитического контента', 'description': ''}], 'likes': 0, 'address': 'наб. Котельническая, д. 1/15', 'place_title': 'кинотеатр «Иллюзион»'}
2026-02-06 15:37:57,302 | INFO | Update id=240992423 is handled. Duration 108 ms by bot id=8469370108
2026-02-06 15:38:01,636 | INFO | [show_event] attempt=0, current_index=4, len=5
2026-02-06 15:38:01,638 | INFO | [show_event] Событие №4: {'id': 220969, 'title': 'иммерсивное музыкально-театральное шоу «Репанутые»', 'description': '<p>Забудьте всё, что вы знали о традиционных концертах. «Репанутые» — это шоу, где музыканты импровизируют на грани бунта. Здесь зрители становятся участниками действа, а виртуозные музыканты каждый раз исполняют уникальную гремучую смесь классики, джаза и рока, которую больше никто и никогда не услышит.</p>', 'start_datetime': 1770397200, 'event_url': 'https://kudago.com/msk/event/teatr-repanutyie/', 'status_ml': [{'score': 0.7190976709630279, 'category': 'Джаз‑адепты', 'description': ''}, {'score': 0.6386275366915688, 'category': 'Рок‑энтузиасты', 'description': ''}, {'score': 0.632164577817963, 'category': 'Молодые театралы', 'description': ''}, {'score': 0.625620423607234, 'category': 'Ценители оперного и вокального искусства', 'description': ''}, {'score': 0.6145945410029963, 'category': 'Меломаны‑неоклассики', 'description': ''}, {'score': 0.6127593000934444, 'category': 'Любители этнографической музыки', 'description': ''}, {'score': 0.611418737191306, 'category': 'Фанаты мюзиклов и Бродвея', 'description': ''}, {'score': 0.604667048613706, 'category': 'Ценители камерной музыки', 'description': ''}, {'score': 0.6015207230026296, 'category': 'Поклонники этнического искусства', 'description': ''}, {'score': 0.5941393918424517, 'category': 'Поклонники современного танца', 'description': ''}], 'likes': 0, 'address': '', 'place_title': ''}
2026-02-06 15:38:01,704 | INFO | Update id=240992424 is handled. Duration 110 ms by bot id=8469370108
2026-02-06 15:38:03,176 | INFO | [show_event] attempt=0, current_index=5, len=5
2026-02-06 15:38:03,240 | INFO | Update id=240992425 is handled. Duration 110 ms by bot id=8469370108
2026-02-06 15:38:05,702 | INFO | Найдено событий в msk: 50
2026-02-06 15:38:05,704 | INFO | Найдено событий в spb: 50
2026-02-06 15:38:05,704 | INFO | Всего кандидатов: 100
2026-02-06 15:38:05,726 | INFO | Рекомендовано событий: 5
2026-02-06 15:38:05,726 | INFO | [show_event] attempt=0, current_index=0, len=5
2026-02-06 15:38:05,726 | INFO | [show_event] Событие №0: {'id': 222565, 'title': 'концерт «Звёзды XXI века»', 'description': '<p>На сцене встретятся молодые солисты и большой оркестр, чтобы сыграть три контрастных концерта Бетховена, Шостаковича и Бартока. </p>', 'start_datetime': 1770393600, 'event_url': 'https://kudago.com/msk/event/kontsert-zvezdyi-xxi-veka-fftqyg/', 'status_ml': [{'score': 0.7789553622023369, 'category': 'Ценители оперного и вокального искусства', 'description': ''}, {'score': 0.72587398785151, 'category': 'Джаз‑адепты', 'description': ''}, {'score': 0.717329975939917, 'category': 'Меломаны‑неоклассики', 'description': ''}, {'score': 0.6960833045992172, 'category': 'Романтики‑эстеты', 'description': ''}, {'score': 0.653217476559597, 'category': 'Ценители камерной музыки', 'description': ''}, {'score': 0.615282811678157, 'category': 'Ностальгирующие романтики', 'description': ''}, {'score': 0.5619252123222678, 'category': 'Любители этнографической музыки', 'description': ''}, {'score': 0.549759219148704, 'category': 'Рок‑энтузиасты', 'description': ''}, {'score': 0.5360092655956981, 'category': 'Поклонники стендапа', 'description': ''}, {'score': 0.5323533435111134, 'category': 'Молодые театралы', 'description': ''}], 'likes': 0, 'address': '', 'place_title': ''}
2026-02-06 15:38:05,806 | INFO | Update id=240992426 is handled. Duration 108 ms by bot id=8469370108
2026-02-06 15:38:07,642 | INFO | [show_event] attempt=0, current_index=1, len=5
2026-02-06 15:38:07,642 | INFO | [show_event] Событие №1: {'id': 194164, 'title': 'балет «Спящая красавица» в постановке арт-центра «Сен-Мишель»', 'description': '<p>«Спящая красавица» — восхитительная сказка Шарля Перро с музыкой Петра Ильича Чайковского. Виртуозный и динамичный балет в постановке компании «Сен-Мишель» известен далеко за пределами России.</p>', 'start_datetime': 1770393600, 'event_url': 'https://kudago.com/spb/event/teatr-spyaschaya-krasavitsa-oktyabr-2021/', 'status_ml': [{'score': 0.5673490915127517, 'category': 'Фанаты мюзиклов и Бродвея', 'description': ''}, {'score': 0.5550753244903468, 'category': 'Молодые театралы', 'description': ''}, {'score': 0.5313568196317392, 'category': 'Поклонники современного танца', 'description': ''}, {'score': 0.5205746722244, 'category': 'Театралы‑классики', 'description': ''}, {'score': 0.4928841989168299, 'category': 'Ностальгирующие романтики', 'description': ''}, {'score': 0.4814117440523987, 'category': 'Литературные гурманы', 'description': ''}, {'score': 0.4639958198027598, 'category': 'Ценители оперного и вокального искусства', 'description': ''}, {'score': 0.45963403694856986, 'category': 'Поклонники этнического танца', 'description': ''}, {'score': 0.4477078241247474, 'category': 'Романтики‑эстеты', 'description': ''}, {'score': 0.4425280960778077, 'category': 'Исследователи городской среды', 'description': ''}], 'likes': 0, 'address': '', 'place_title': ''}
2026-02-06 15:38:07,734 | INFO | Update id=240992427 is handled. Duration 172 ms by bot id=8469370108
2026-02-06 15:38:09,616 | INFO | [show_event] attempt=0, current_index=2, len=5
2026-02-06 15:38:09,616 | INFO | [show_event] Событие №2: {'id': 222471, 'title': 'концерт группы «Куприянов»', 'description': '<p>Громкие гитары, узнаваемые припевы и голос, который помнят по «Чёрному Кофе» и другим проектам. Игорь Куприянов выходит на сцену со своей нынешней группой «Куприянов» — будет живой рок без лишней мишуры: бас, вокал и песни, которые легко подхватывает зал.</p>', 'start_datetime': 1770393600, 'event_url': 'https://kudago.com/spb/event/kontsert-kupriyanov/', 'status_ml': [{'score': 0.6797416979764601, 'category': 'Рок‑энтузиасты', 'description': ''}, {'score': 0.61898044991786, 'category': 'Джаз‑адепты', 'description': ''}, {'score': 0.5980561316537182, 'category': 'Nostalgia‑поколение', 'description': ''}, {'score': 0.5634949267082066, 'category': 'Ценители камерной музыки', 'description': ''}, {'score': 0.5617941031932425, 'category': 'Романтики‑эстеты', 'description': ''}, {'score': 0.5289205506770774, 'category': 'Ценители оперного и вокального искусства', 'description': ''}, {'score': 0.5235423586359835, 'category': 'Поклонники стендапа', 'description': ''}, {'score': 0.5218847944153441, 'category': 'Любители этнографической музыки', 'description': ''}, {'score': 0.49558661913414803, 'category': 'Меломаны‑неоклассики', 'description': ''}, {'score': 0.47609602831864484, 'category': 'Ностальгирующие романтики', 'description': ''}], 'likes': 1, 'address': 'ул. Маршала Говорова, д. 47', 'place_title': 'клуб The Place'}
2026-02-06 15:38:09,704 | INFO | Update id=240992428 is handled. Duration 141 ms by bot id=8469370108
2026-02-06 15:38:11,264 | ERROR | Неожиданная ошибка в button_handler для 5312854410: cannot access local variable 'event_id' where it is not associated with a value
Traceback (most recent call last):
  File "C:\Users\arsenii\events_soft\bot\handlers.py", line 288, in button_handler
    db.increment_event_likes(event_id, 'spb')
                             ^^^^^^^^
UnboundLocalError: cannot access local variable 'event_id' where it is not associated with a value
2026-02-06 15:38:11,323 | INFO | Update id=240992429 is handled. Duration 62 ms by bot id=8469370108
2026-02-07 15:16:29,039 | INFO | Use pytorch device_name: cpu
2026-02-07 15:16:29,039 | INFO | Load pretrained SentenceTransformer: paraphrase-multilingual-MiniLM-L12-v2
2026-02-07 15:16:32,058 | INFO | Adding job tentatively -- it will be properly scheduled when the scheduler starts
2026-02-07 15:16:32,060 | INFO | Added job "send_reminder" to job store "default"
2026-02-07 15:16:32,060 | INFO | Scheduler started
2026-02-07 15:16:32,060 | INFO | Планировщик запущен: ежедневные напоминания в 09:00 UTC
2026-02-07 15:16:32,060 | INFO | Планировщик запущен
2026-02-07 15:16:32,060 | INFO | Start polling
2026-02-07 15:16:32,409 | INFO | Run polling for bot @kytchi_bot id=8469370108 - 'КЫТЧИ'
2026-02-07 15:18:14,904 | INFO | Update id=240992430 is handled. Duration 235 ms by bot id=8469370108
2026-02-07 15:18:16,371 | INFO | Найдено событий в msk: 50
2026-02-07 15:18:16,393 | INFO | Найдено событий в spb: 50
2026-02-07 15:18:16,393 | INFO | Всего кандидатов: 100
2026-02-07 15:18:18,909 | INFO | Рекомендовано событий: 5
2026-02-07 15:18:18,909 | INFO | [show_event] attempt=0, current_index=0, len=5
2026-02-07 15:18:18,909 | INFO | [show_event] Событие №0: {'id': 208091, 'title': 'экскурсия для детей «Pro Китай»', 'description': '<p>Участники экскурсии познакомятся с историей императорского Китая и в игровом формате постараются раскрыть тайны загадочной Поднебесной.</p>', 'start_datetime': 1770472800, 'event_url': 'https://kudago.com/msk/event/detyam-ekskursiya-pro-kitaj/', 'status_ml': [{'score': 0.6645432754402826, 'category': 'Родители‑сопровождающие', 'description': ''}, {'score': 0.5249400397455223, 'category': 'Семейные ценители', 'description': ''}], 'likes': 0, 'address': 'бул. Никитский, д. 12А', 'place_title': 'Музей Востока'}
2026-02-07 15:18:20,051 | INFO | Update id=240992431 is handled. Duration 3750 ms by bot id=8469370108
2026-02-07 15:18:58,415 | INFO | Update id=240992432 is handled. Duration 0 ms by bot id=8469370108
2026-02-07 15:19:03,060 | INFO | [show_event] attempt=0, current_index=1, len=5
2026-02-07 15:19:03,060 | INFO | [show_event] Событие №1: {'id': 222705, 'title': 'кинопоказ «Зимняя программа мультипликационных фильмов»', 'description': '<p>Зимние мультфильмы из коллекции «Союзмультфильма» собирают в один сеанс лесные праздники, снежные прогулки и забавные спортивные истории. Короткометражки о дружбе, характере и честной игре возвращают ощущение детства и делают морозный день ярче, превращая его в маленький праздник с мягким юмором и теплом.</p>', 'start_datetime': 1770548400, 'event_url': 'https://kudago.com/msk/event/kinopokaz-zimnyaya-programma-multiplikatsionnyih-filmov/', 'status_ml': [{'score': 0.64990281714628, 'category': 'Семейные ценители', 'description': ''}, {'score': 0.5923468762717728, 'category': 'Поклонники аниме и манги', 'description': ''}, {'score': 0.5342204646356311, 'category': 'Фанаты мюзиклов и Бродвея', 'description': ''}, {'score': 0.5234589145325028, 'category': 'Фанаты косплея', 'description': ''}, {'score': 0.49839519045721403, 'category': 'Поклонники уличного кино', 'description': ''}, {'score': 0.4975870815674234, 'category': 'Семейные традиционалисты', 'description': ''}, {'score': 0.4908166903098081, 'category': 'Поклонники настольных ролевых игр', 'description': ''}, {'score': 0.47399423419448367, 'category': 'Фанаты настольных игр', 'description': ''}, {'score': 0.4620306511972734, 'category': 'Геймеры и гики', 'description': ''}, {'score': 0.46050771371971094, 'category': 'Любители абсурда и чёрного юмора', 'description': ''}], 'likes': 0, 'address': 'просп. Мира, д. 119, павильон № 36', 'place_title': 'Музей кино'}
2026-02-07 15:19:03,135 | INFO | Update id=240992433 is handled. Duration 202 ms by bot id=8469370108
2026-02-07 15:19:10,698 | ERROR | Неожиданная ошибка в button_handler для 5312854410: cannot access local variable 'event_id' where it is not associated with a value
Traceback (most recent call last):
  File "C:\Users\arsenii\events_soft\bot\handlers.py", line 288, in button_handler
    db.increment_event_likes(event_id, 'spb')
                             ^^^^^^^^
UnboundLocalError: cannot access local variable 'event_id' where it is not associated with a value
2026-02-07 15:19:10,758 | INFO | Update id=240992434 is handled. Duration 61 ms by bot id=8469370108
2026-02-07 15:30:19,017 | INFO | Polling stopped
2026-02-07 15:30:19,282 | INFO | Планировщик остановлен
2026-02-07 15:30:19,282 | INFO | Scheduler has been shut down
2026-02-07 15:30:19,282 | INFO | Polling stopped for bot @kytchi_bot id=8469370108 - 'КЫТЧИ'
2026-02-07 15:30:39,910 | INFO | Use pytorch device_name: cpu
2026-02-07 15:30:39,910 | INFO | Load pretrained SentenceTransformer: paraphrase-multilingual-MiniLM-L12-v2
2026-02-07 15:30:42,819 | INFO | Adding job tentatively -- it will be properly scheduled when the scheduler starts
2026-02-07 15:30:42,821 | INFO | Added job "send_reminder" to job store "default"
2026-02-07 15:30:42,821 | INFO | Scheduler started
2026-02-07 15:30:42,821 | INFO | Планировщик запущен: ежедневные напоминания в 09:00 UTC
2026-02-07 15:30:42,821 | INFO | Планировщик запущен
2026-02-07 15:30:42,821 | INFO | Start polling
2026-02-07 15:30:42,948 | INFO | Run polling for bot @kytchi_bot id=8469370108 - 'КЫТЧИ'
2026-02-07 15:30:55,766 | INFO | Update id=240992435 is handled. Duration 141 ms by bot id=8469370108
2026-02-07 15:30:56,841 | INFO | Найдено событий в msk: 50
2026-02-07 15:30:56,845 | INFO | Найдено событий в spb: 50
2026-02-07 15:30:56,845 | INFO | Всего кандидатов: 100
2026-02-07 15:30:58,823 | INFO | Рекомендовано событий: 5
2026-02-07 15:30:58,824 | INFO | [show_event] attempt=0, current_index=0, len=5
2026-02-07 15:30:58,824 | INFO | [show_event] Событие №0: {'id': 22986, 'title': 'спектакль «Жестокие игры» в Молодёжном театре на Фонтанке', 'description': '<p>Драма об ошибках людей, взрослых и взрослеющих.</p>\n', 'start_datetime': 1770476400, 'event_url': 'https://kudago.com/spb/event/spektakl-zhestokie-igry/', 'status_ml': [{'score': 0.6965328669509115, 'category': 'Молодые театралы', 'description': ''}, {'score': 0.5935864265082271, 'category': 'Фанаты мюзиклов и Бродвея', 'description': ''}, {'score': 0.55334150092855, 'category': 'Любители гастрономического театра', 'description': ''}, {'score': 0.5504532502029529, 'category': 'Фанаты уличных перформансов', 'description': ''}, {'score': 0.5493178661979128, 'category': 'Ценители оперного и вокального искусства', 'description': ''}, {'score': 0.5396620429708203, 'category': 'Поклонники перформативного искусства', 'description': ''}, {'score': 0.5305375631645558, 'category': 'Семейные ценители', 'description': ''}, {'score': 0.5296301086731368, 'category': 'Поклонники стендапа', 'description': ''}, {'score': 0.5281944839300934, 'category': 'Поклонники современного танца', 'description': ''}, {'score': 0.4874559140063649, 'category': 'Романтики‑эстеты', 'description': ''}], 'likes': 0, 'address': 'наб. реки Фонтанки, д. 114', 'place_title': 'Молодёжный театр на Фонтанке'}
2026-02-07 15:30:58,930 | INFO | Update id=240992436 is handled. Duration 2093 ms by bot id=8469370108
2026-02-07 15:31:06,356 | INFO | [show_event] attempt=0, current_index=1, len=5
2026-02-07 15:31:06,357 | INFO | [show_event] Событие №1: {'id': 222741, 'title': 'литературная мастерская «Пишем как Чехов»', 'description': '<p>Практическая литературная встреча, посвящённая секретам чеховского письма и работе с короткой формой. Участники попробуют применить классические приёмы в собственных текстах.</p>', 'start_datetime': 1770548400, 'event_url': 'https://kudago.com/spb/event/obuchenie-pishem-kak-chehov/', 'status_ml': [{'score': 0.5605292531945762, 'category': 'Ценители камерной поэзии', 'description': ''}, {'score': 0.4988177856324686, 'category': 'Театралы‑классики', 'description': ''}, {'score': 0.4904282382630742, 'category': 'Литературные гурманы', 'description': ''}, {'score': 0.4781001743616175, 'category': 'Поклонники современного танца', 'description': ''}, {'score': 0.4668473396855669, 'category': 'Поклонники посткроссинга', 'description': ''}, {'score': 0.465778037769709, 'category': 'Молодые театралы', 'description': ''}, {'score': 0.45785129328936036, 'category': 'Ценители оперного и вокального искусства', 'description': ''}, {'score': 0.449514149438504, 'category': 'Поклонники этнического танца', 'description': ''}, {'score': 0.43336143623992673, 'category': 'Фанаты старинных книг и рукописей', 'description': ''}, {'score': 0.43012828232950184, 'category': 'Поклонники этнического искусства', 'description': ''}], 'likes': 0, 'address': '', 'place_title': ''}
2026-02-07 15:31:06,436 | INFO | Update id=240992437 is handled. Duration 141 ms by bot id=8469370108
2026-02-07 15:31:09,316 | INFO | [show_event] attempt=0, current_index=2, len=5
2026-02-07 15:31:09,316 | INFO | [show_event] Событие №2: {'id': 208693, 'title': 'балет «Анюта» в Мариинском театре', 'description': '<p>Балет Валерия Гаврилина с хореографией Владимира Васильева — танцевальная интерпретация рассказа Чехова «Анна на шее».</p>', 'start_datetime': 1770548400, 'event_url': 'https://kudago.com/spb/event/teatr-anyuta-2024/', 'status_ml': [{'score': 0.6005105559038006, 'category': 'Поклонники современного танца', 'description': ''}, {'score': 0.5952784847215161, 'category': 'Театралы‑классики', 'description': ''}, {'score': 0.5701294627265749, 'category': 'Поклонники этнического танца', 'description': ''}, {'score': 0.5411926128013613, 'category': 'Фанаты мюзиклов и Бродвея', 'description': ''}, {'score': 0.5384022248279875, 'category': 'Фитнес‑энтузиасты с креативным уклоном', 'description': ''}, {'score': 0.5359063848278297, 'category': 'Молодые театралы', 'description': ''}, {'score': 0.5185710863253422, 'category': 'Литературные гурманы', 'description': ''}, {'score': 0.47769886360134994, 'category': 'Ценители оперного и вокального искусства', 'description': ''}, {'score': 0.44359557550997225, 'category': 'Ностальгирующие романтики', 'description': ''}], 'likes': 0, 'address': '', 'place_title': ''}
2026-02-07 15:31:09,380 | INFO | Update id=240992438 is handled. Duration 108 ms by bot id=8469370108
2026-02-07 15:31:11,217 | INFO | [show_event] attempt=0, current_index=3, len=5
2026-02-07 15:31:11,218 | INFO | [show_event] Событие №3: {'id': 221308, 'title': 'Стендап для детей: семейное комедийное шоу выходного дня', 'description': '<p>Комедийное детское шоу во взрослом стендап-клубе! Юмористические миниатюры, удивительные фокусы и\xa0яркие номера необычных жанров\xa0— <a class="external-link" href="https://afisha.yandex.ru/saint-petersburg/standup/detskii-stand-up?utm_source=kudagodetpiter&erid=2SDnjeAFtzK" rel="nofollow" target="_blank">представление</a> подарит море смеха детям и\xa0пробудит внутреннего ребёнка в\xa0их родителях.</p>', 'start_datetime': 1770544800, 'event_url': 'https://kudago.com/spb/event/detyam-stendap-dlya-detej/', 'status_ml': [{'score': 0.6769243478162211, 'category': 'Семейные ценители', 'description': ''}, {'score': 0.553049242677642, 'category': 'Любители абсурда и чёрного юмора', 'description': ''}, {'score': 0.5375494495069666, 'category': 'Поклонники стендапа', 'description': ''}, {'score': 0.5269532130799974, 'category': 'Родители‑сопровождающие', 'description': ''}, {'score': 0.5252186566336065, 'category': 'Поклонники аниме и манги', 'description': ''}, {'score': 0.5244372028861635, 'category': 'Фанаты косплея', 'description': ''}, {'score': 0.4998079069061143, 'category': 'Геймеры и гики', 'description': ''}, {'score': 0.4987281123766922, 'category': 'Поклонники современного танца', 'description': ''}, {'score': 0.4922748380454012, 'category': 'Молодые театралы', 'description': ''}, {'score': 0.47543757769196726, 'category': 'Любители научной фантастики', 'description': ''}], 'likes': 0, 'address': '', 'place_title': ''}
2026-02-07 15:31:11,297 | INFO | Update id=240992439 is handled. Duration 125 ms by bot id=8469370108
2026-02-07 15:31:12,992 | INFO | [show_event] attempt=0, current_index=4, len=5
2026-02-07 15:31:12,993 | INFO | [show_event] Событие №4: {'id': 199922, 'title': 'спектакль «Номер 13»', 'description': '<p>Постановка Сергея Ефремова порадует зрителей лёгким британским юмором, <a class="external-link" href="https://comedytheatre.ru/performances/nomer-13?msk=1&utm_source=kudago&utm_medium=kudago&utm_campaign=kudago&erid=2SDnjcG9M1h" rel="nofollow" target="_blank">запутанным сюжетом</a> и качественной актёрской игрой. Спектакль поставлен по пьесе знаменитого английского драматурга Рея Куни.</p>', 'start_datetime': 1770559200, 'event_url': 'https://kudago.com/msk/event/teatr-nomer-13-oktyabr-2022/', 'status_ml': [{'score': 0.6014808576761834, 'category': 'Любители абсурда и чёрного юмора', 'description': ''}, {'score': 0.43954692872379625, 'category': 'Молодые театралы', 'description': ''}, {'score': 0.43758368740486525, 'category': 'Поклонники стендапа', 'description': ''}, {'score': 0.41612370045348085, 'category': 'Любители интеллектуальных квестов', 'description': ''}, {'score': 0.4147361739397919, 'category': 'Геймеры и гики', 'description': ''}, {'score': 0.4002835694657542, 'category': 'Поклонники современного танца', 'description': ''}], 'likes': 0, 'address': '', 'place_title': ''}
2026-02-07 15:31:13,058 | INFO | Update id=240992440 is handled. Duration 108 ms by bot id=8469370108
2026-02-07 15:31:14,895 | INFO | [show_event] attempt=0, current_index=5, len=5
2026-02-07 15:31:15,001 | INFO | Update id=240992441 is handled. Duration 202 ms by bot id=8469370108
2026-02-07 15:31:17,003 | INFO | Найдено событий в msk: 50
2026-02-07 15:31:17,006 | INFO | Найдено событий в spb: 50
2026-02-07 15:31:17,006 | INFO | Всего кандидатов: 100
2026-02-07 15:31:17,035 | INFO | Рекомендовано событий: 5
2026-02-07 15:31:17,035 | INFO | [show_event] attempt=0, current_index=0, len=5
2026-02-07 15:31:17,035 | INFO | [show_event] Событие №0: {'id': 22986, 'title': 'спектакль «Жестокие игры» в Молодёжном театре на Фонтанке', 'description': '<p>Драма об ошибках людей, взрослых и взрослеющих.</p>\n', 'start_datetime': 1770476400, 'event_url': 'https://kudago.com/spb/event/spektakl-zhestokie-igry/', 'status_ml': [{'score': 0.6965328669509115, 'category': 'Молодые театралы', 'description': ''}, {'score': 0.5935864265082271, 'category': 'Фанаты мюзиклов и Бродвея', 'description': ''}, {'score': 0.55334150092855, 'category': 'Любители гастрономического театра', 'description': ''}, {'score': 0.5504532502029529, 'category': 'Фанаты уличных перформансов', 'description': ''}, {'score': 0.5493178661979128, 'category': 'Ценители оперного и вокального искусства', 'description': ''}, {'score': 0.5396620429708203, 'category': 'Поклонники перформативного искусства', 'description': ''}, {'score': 0.5305375631645558, 'category': 'Семейные ценители', 'description': ''}, {'score': 0.5296301086731368, 'category': 'Поклонники стендапа', 'description': ''}, {'score': 0.5281944839300934, 'category': 'Поклонники современного танца', 'description': ''}, {'score': 0.4874559140063649, 'category': 'Романтики‑эстеты', 'description': ''}], 'likes': 0, 'address': 'наб. реки Фонтанки, д. 114', 'place_title': 'Молодёжный театр на Фонтанке'}
2026-02-07 15:31:17,112 | INFO | Update id=240992442 is handled. Duration 110 ms by bot id=8469370108
2026-02-07 15:31:18,846 | INFO | [show_event] attempt=0, current_index=1, len=5
2026-02-07 15:31:18,847 | INFO | [show_event] Событие №1: {'id': 221308, 'title': 'Стендап для детей: семейное комедийное шоу выходного дня', 'description': '<p>Комедийное детское шоу во взрослом стендап-клубе! Юмористические миниатюры, удивительные фокусы и\xa0яркие номера необычных жанров\xa0— <a class="external-link" href="https://afisha.yandex.ru/saint-petersburg/standup/detskii-stand-up?utm_source=kudagodetpiter&erid=2SDnjeAFtzK" rel="nofollow" target="_blank">представление</a> подарит море смеха детям и\xa0пробудит внутреннего ребёнка в\xa0их родителях.</p>', 'start_datetime': 1770544800, 'event_url': 'https://kudago.com/spb/event/detyam-stendap-dlya-detej/', 'status_ml': [{'score': 0.6769243478162211, 'category': 'Семейные ценители', 'description': ''}, {'score': 0.553049242677642, 'category': 'Любители абсурда и чёрного юмора', 'description': ''}, {'score': 0.5375494495069666, 'category': 'Поклонники стендапа', 'description': ''}, {'score': 0.5269532130799974, 'category': 'Родители‑сопровождающие', 'description': ''}, {'score': 0.5252186566336065, 'category': 'Поклонники аниме и манги', 'description': ''}, {'score': 0.5244372028861635, 'category': 'Фанаты косплея', 'description': ''}, {'score': 0.4998079069061143, 'category': 'Геймеры и гики', 'description': ''}, {'score': 0.4987281123766922, 'category': 'Поклонники современного танца', 'description': ''}, {'score': 0.4922748380454012, 'category': 'Молодые театралы', 'description': ''}, {'score': 0.47543757769196726, 'category': 'Любители научной фантастики', 'description': ''}], 'likes': 0, 'address': '', 'place_title': ''}
2026-02-07 15:31:18,916 | INFO | Update id=240992443 is handled. Duration 110 ms by bot id=8469370108
2026-02-07 15:31:19,951 | INFO | [show_event] attempt=0, current_index=2, len=5
2026-02-07 15:31:19,951 | INFO | [show_event] Событие №2: {'id': 199922, 'title': 'спектакль «Номер 13»', 'description': '<p>Постановка Сергея Ефремова порадует зрителей лёгким британским юмором, <a class="external-link" href="https://comedytheatre.ru/performances/nomer-13?msk=1&utm_source=kudago&utm_medium=kudago&utm_campaign=kudago&erid=2SDnjcG9M1h" rel="nofollow" target="_blank">запутанным сюжетом</a> и качественной актёрской игрой. Спектакль поставлен по пьесе знаменитого английского драматурга Рея Куни.</p>', 'start_datetime': 1770559200, 'event_url': 'https://kudago.com/msk/event/teatr-nomer-13-oktyabr-2022/', 'status_ml': [{'score': 0.6014808576761834, 'category': 'Любители абсурда и чёрного юмора', 'description': ''}, {'score': 0.43954692872379625, 'category': 'Молодые театралы', 'description': ''}, {'score': 0.43758368740486525, 'category': 'Поклонники стендапа', 'description': ''}, {'score': 0.41612370045348085, 'category': 'Любители интеллектуальных квестов', 'description': ''}, {'score': 0.4147361739397919, 'category': 'Геймеры и гики', 'description': ''}, {'score': 0.4002835694657542, 'category': 'Поклонники современного танца', 'description': ''}], 'likes': 0, 'address': '', 'place_title': ''}
2026-02-07 15:31:20,022 | INFO | Update id=240992444 is handled. Duration 125 ms by bot id=8469370108
2026-02-07 15:31:20,947 | INFO | [show_event] attempt=0, current_index=3, len=5
2026-02-07 15:31:20,948 | INFO | [show_event] Событие №3: {'id': 222741, 'title': 'литературная мастерская «Пишем как Чехов»', 'description': '<p>Практическая литературная встреча, посвящённая секретам чеховского письма и работе с короткой формой. Участники попробуют применить классические приёмы в собственных текстах.</p>', 'start_datetime': 1770548400, 'event_url': 'https://kudago.com/spb/event/obuchenie-pishem-kak-chehov/', 'status_ml': [{'score': 0.5605292531945762, 'category': 'Ценители камерной поэзии', 'description': ''}, {'score': 0.4988177856324686, 'category': 'Театралы‑классики', 'description': ''}, {'score': 0.4904282382630742, 'category': 'Литературные гурманы', 'description': ''}, {'score': 0.4781001743616175, 'category': 'Поклонники современного танца', 'description': ''}, {'score': 0.4668473396855669, 'category': 'Поклонники посткроссинга', 'description': ''}, {'score': 0.465778037769709, 'category': 'Молодые театралы', 'description': ''}, {'score': 0.45785129328936036, 'category': 'Ценители оперного и вокального искусства', 'description': ''}, {'score': 0.449514149438504, 'category': 'Поклонники этнического танца', 'description': ''}, {'score': 0.43336143623992673, 'category': 'Фанаты старинных книг и рукописей', 'description': ''}, {'score': 0.43012828232950184, 'category': 'Поклонники этнического искусства', 'description': ''}], 'likes': 0, 'address': '', 'place_title': ''}
2026-02-07 15:31:21,023 | INFO | Update id=240992445 is handled. Duration 141 ms by bot id=8469370108
2026-02-07 15:31:22,077 | INFO | [show_event] attempt=0, current_index=4, len=5
2026-02-07 15:31:22,078 | INFO | [show_event] Событие №4: {'id': 195494, 'title': 'детская экскурсия «Дали детям»', 'description': '<p>Юные посетители выставки подлинных работ знаменитого сюрреалиста отправятся в путешествие по сказочным мирам испанского художника, познакомятся с его творчеством, послушают увлекательные факты из его биографии и раскроют свои таланты на тематическом мастер-классе. </p>', 'start_datetime': 1770549300, 'event_url': 'https://kudago.com/msk/event/detyam-po-sledam-salvadora-dali/', 'status_ml': [{'score': 0.6323674030719786, 'category': 'Семейные ценители', 'description': ''}, {'score': 0.612715451626506, 'category': 'Интеллектуалы‑гуманитарии', 'description': ''}, {'score': 0.5581907431701186, 'category': 'Родители‑сопровождающие', 'description': ''}, {'score': 0.5013589898518728, 'category': 'Эзотерики и мистики', 'description': ''}, {'score': 0.4793840892851155, 'category': 'Поклонники современного танца', 'description': ''}, {'score': 0.4740022054574056, 'category': 'Фанаты косплея', 'description': ''}, {'score': 0.4617602327160801, 'category': 'Любители иммерсивного театра', 'description': ''}, {'score': 0.4556084532803838, 'category': 'Фанаты документальных выставок', 'description': ''}, {'score': 0.44694047354452426, 'category': 'Ценители камерной поэзии', 'description': ''}, {'score': 0.4385408892436635, 'category': 'Поклонники перформативного искусства', 'description': ''}], 'likes': 0, 'address': '', 'place_title': ''}
2026-02-07 15:31:22,149 | INFO | Update id=240992446 is handled. Duration 125 ms by bot id=8469370108
2026-02-07 15:36:33,914 | INFO | Polling stopped
2026-02-07 15:36:34,172 | INFO | Планировщик остановлен
2026-02-07 15:36:34,172 | INFO | Scheduler has been shut down
2026-02-07 15:36:34,173 | INFO | Polling stopped for bot @kytchi_bot id=8469370108 - 'КЫТЧИ'
2026-02-07 15:37:06,598 | INFO | Use pytorch device_name: cpu
2026-02-07 15:37:06,598 | INFO | Load pretrained SentenceTransformer: paraphrase-multilingual-MiniLM-L12-v2
2026-02-07 15:37:09,711 | INFO | Adding job tentatively -- it will be properly scheduled when the scheduler starts
2026-02-07 15:37:09,712 | INFO | Added job "send_reminder" to job store "default"
2026-02-07 15:37:09,712 | INFO | Scheduler started
2026-02-07 15:37:09,712 | INFO | Планировщик запущен: ежедневные напоминания в 09:00 UTC
2026-02-07 15:37:09,712 | INFO | Планировщик запущен
2026-02-07 15:37:09,712 | INFO | Start polling
2026-02-07 15:37:09,846 | INFO | Run polling for bot @kytchi_bot id=8469370108 - 'КЫТЧИ'
2026-02-07 15:37:56,547 | INFO | Update id=240992447 is handled. Duration 281 ms by bot id=8469370108
2026-02-07 15:37:57,612 | ERROR | [ERROR] В recommend для user_id=5312854410: ОШИБКА:  столбец t.favourites_count не существует
LINE 9:                     t.favourites_count,
                            ^
HINT:  Возможно, предполагалась ссылка на столбец "t.favorites_count".

2026-02-07 15:37:57,724 | INFO | Update id=240992448 is handled. Duration 109 ms by bot id=8469370108
2026-02-07 15:38:22,713 | INFO | Polling stopped
2026-02-07 15:38:22,971 | INFO | Планировщик остановлен
2026-02-07 15:38:22,971 | INFO | Scheduler has been shut down
2026-02-07 15:38:22,972 | INFO | Polling stopped for bot @kytchi_bot id=8469370108 - 'КЫТЧИ'
2026-02-07 15:38:31,732 | INFO | Use pytorch device_name: cpu
2026-02-07 15:38:31,732 | INFO | Load pretrained SentenceTransformer: paraphrase-multilingual-MiniLM-L12-v2
2026-02-07 15:38:34,658 | INFO | Adding job tentatively -- it will be properly scheduled when the scheduler starts
2026-02-07 15:38:34,659 | INFO | Added job "send_reminder" to job store "default"
2026-02-07 15:38:34,659 | INFO | Scheduler started
2026-02-07 15:38:34,659 | INFO | Планировщик запущен: ежедневные напоминания в 09:00 UTC
2026-02-07 15:38:34,659 | INFO | Планировщик запущен
2026-02-07 15:38:34,660 | INFO | Start polling
2026-02-07 15:38:34,794 | INFO | Run polling for bot @kytchi_bot id=8469370108 - 'КЫТЧИ'
2026-02-07 15:38:37,830 | INFO | Найдено событий в msk: 50
2026-02-07 15:38:37,833 | INFO | Найдено событий в spb: 50
2026-02-07 15:38:37,833 | INFO | Всего кандидатов: 100
2026-02-07 15:38:39,673 | INFO | Рекомендовано событий: 5
2026-02-07 15:38:39,673 | INFO | [show_event] attempt=0, current_index=0, len=5
2026-02-07 15:38:39,674 | INFO | [show_event] Событие №0: {'id': 152485, 'title': 'игровые знакомства Speed Dating для гостей 38-50 лет от FastLife', 'description': '<p>Вы цените время и хотите проводить его с максимальными для себя пользой и удовольствием? Тогда быстрые свидания от компании FastLife — то, что вам нужно. Оставьте сомнения, откройтесь новому, улыбнитесь и поверьте в любовь!</p>\n', 'start_datetime': 1771002000, 'event_url': 'https://kudago.com/msk/event/byistroe-svidanie-speed-dating-30/', 'status_ml': [{'score': 0.6873039091899615, 'category': 'Активные одиночки', 'description': ''}], 'likes': 40, 'address': '', 'place_title': ''}
2026-02-07 15:38:39,892 | INFO | Update id=240992449 is handled. Duration 2077 ms by bot id=8469370108
2026-02-07 15:38:45,039 | INFO | [show_event] attempt=0, current_index=1, len=5
2026-02-07 15:38:45,039 | INFO | [show_event] Событие №1: {'id': 189703, 'title': 'Рассветомания. Фотоэкскурсия на крыше небоскрёба на рассвете', 'description': '<p>Проект «Культ Крыш» представляет серию мероприятий «Рассветомания». Участники фотоэкскурсии поднимутся над почти безлюдным мегаполисом, понаблюдают за восходом солнца и сделают множество фотографий на память, а их самих будет снимать профессиональный фотограф.</p>', 'start_datetime': 1771621200, 'event_url': 'https://kudago.com/msk/event/ekskursiya-rassvetomaniya/', 'status_ml': [{'score': 0.6384497593463665, 'category': 'Фото‑энтузиасты', 'description': ''}, {'score': 0.5915040941316121, 'category': 'Любители астрофотографии', 'description': ''}, {'score': 0.5674346473936578, 'category': 'Поклонники уличного кино', 'description': ''}, {'score': 0.5390844725203794, 'category': 'Исследователи городской среды', 'description': ''}, {'score': 0.5108811883952633, 'category': 'Любители астрономии и космоса', 'description': ''}, {'score': 0.49804529165504297, 'category': 'Блогеры и контент‑мейкеры', 'description': ''}, {'score': 0.49766473066481887, 'category': 'Любители аналоговой фотографии', 'description': ''}, {'score': 0.47759500186376114, 'category': 'Фанаты документальных выставок', 'description': ''}, {'score': 0.45201859595093186, 'category': 'Любители винтажной моды', 'description': ''}, {'score': 0.45115638382500955, 'category': 'Поклонники винтажной фотографии', 'description': ''}], 'likes': 155, 'address': '', 'place_title': ''}
2026-02-07 15:38:45,127 | INFO | Update id=240992450 is handled. Duration 139 ms by bot id=8469370108
2026-02-07 15:38:49,129 | INFO | [show_event] attempt=0, current_index=2, len=5
2026-02-07 15:38:49,129 | INFO | [show_event] Событие №2: {'id': 152486, 'title': 'игровые знакомства Speed Dating от FastLife для гостей старше 40 лет', 'description': '<p>Вы интересная состоявшаяся личность и всё ещё верите в любовь с первого взгляда? Пора отбросить сомнения и окунуться с головой в мир популярных быстрых свиданий. Компания FastLife поможет вам быть на высоте!</p>\n', 'start_datetime': 1770476400, 'event_url': 'https://kudago.com/msk/event/byistroe-svidanie-speed-dating-40/', 'status_ml': [{'score': 0.66119562674767, 'category': 'Активные одиночки', 'description': ''}, {'score': 0.40192358019729946, 'category': 'Ночные искатели приключений', 'description': ''}], 'likes': 18, 'address': '', 'place_title': ''}
2026-02-07 15:38:49,201 | INFO | Update id=240992451 is handled. Duration 125 ms by bot id=8469370108
2026-02-07 15:38:50,525 | INFO | [show_event] attempt=0, current_index=3, len=5
2026-02-07 15:38:50,526 | INFO | [show_event] Событие №3: {'id': 73961, 'title': 'пробные уроки по хастлу (парные танцы)', 'description': '<p>Хастл — парный танец, развивающий индивидуальность, подвижность и творческое мышление. В студии танца Alpha Dance состоится пробный урок по хастлу, на котором можно познакомиться с преподавателями и насладиться настоящим феерическим дэнс-шоу.</p>\n', 'start_datetime': 1770555600, 'event_url': 'https://kudago.com/msk/event/otkrytyj-urok-po-hastlu-msk/', 'status_ml': [{'score': 0.7526576288744442, 'category': 'Фитнес‑энтузиасты с креативным уклоном', 'description': ''}, {'score': 0.7225203607090009, 'category': 'Поклонники современного танца', 'description': ''}, {'score': 0.7065318943863514, 'category': 'Поклонники этнического танца', 'description': ''}, {'score': 0.5603293798538628, 'category': 'Адепты wellness и медитации', 'description': ''}, {'score': 0.5581808809032538, 'category': 'Спортивные энтузиасты', 'description': ''}, {'score': 0.5442902004210228, 'category': 'Любители интеллектуальных квестов', 'description': ''}, {'score': 0.504457338726358, 'category': 'Фанаты мюзиклов и Бродвея', 'description': ''}, {'score': 0.4644365823049824, 'category': 'Фанаты исторического фехтования', 'description': ''}, {'score': 0.4512257225794385, 'category': 'Любители научного поп‑просвещения', 'description': ''}, {'score': 0.4241596328784414, 'category': 'Последователи slow living', 'description': ''}], 'likes': 401, 'address': '', 'place_title': ''}
2026-02-07 15:38:50,619 | INFO | Update id=240992452 is handled. Duration 156 ms by bot id=8469370108
2026-02-07 15:38:53,638 | INFO | [show_event] attempt=0, current_index=4, len=5
2026-02-07 15:38:53,638 | INFO | [show_event] Событие №4: {'id': 168728, 'title': 'тур по барам Санкт-Петербурга от City Pub Crawl', 'description': '<p>Хотите устроить оригинальную вечеринку и побывать за один вечер сразу в нескольких заведениях? Опытные гиды City Pub Crawl подберут для вас компанию единомышленников и устроят настоящий квест по барам и пабам Петербурга.</p>\n', 'start_datetime': 1770481800, 'event_url': 'https://kudago.com/spb/event/vecherinka-tur-po-baram-sankt-peterburga-ot-city-pub-crawl/', 'status_ml': [{'score': 0.5955258168851203, 'category': 'Фанаты уличных фестивалей', 'description': ''}, {'score': 0.5467126516491401, 'category': 'Ночные искатели приключений', 'description': ''}, {'score': 0.5249206173843667, 'category': 'Исследователи городской среды', 'description': ''}, {'score': 0.4608516270973881, 'category': 'Фанаты уличных перформансов', 'description': ''}, {'score': 0.45417780292424415, 'category': 'Поклонники перформативного искусства', 'description': ''}, {'score': 0.4515335846234667, 'category': 'Любители гастрономического театра', 'description': ''}, {'score': 0.44415119514509305, 'category': 'Любители гастрономических туров', 'description': ''}, {'score': 0.4440988475461022, 'category': 'Последователи урбанистики', 'description': ''}, {'score': 0.42771990915169694, 'category': 'Любители винтажной моды', 'description': ''}, {'score': 0.42671019461989007, 'category': 'Реперки', 'description': ''}], 'likes': 343, 'address': '', 'place_title': ''}
2026-02-07 15:38:53,703 | INFO | Update id=240992453 is handled. Duration 108 ms by bot id=8469370108
2026-02-07 15:38:55,727 | INFO | [show_event] attempt=0, current_index=5, len=5
2026-02-07 15:38:55,783 | INFO | Update id=240992454 is handled. Duration 110 ms by bot id=8469370108
2026-02-07 15:39:00,344 | INFO | Polling stopped
2026-02-07 15:39:00,610 | INFO | Планировщик остановлен
2026-02-07 15:39:00,610 | INFO | Scheduler has been shut down
2026-02-07 15:39:00,610 | INFO | Polling stopped for bot @kytchi_bot id=8469370108 - 'КЫТЧИ'
2026-02-07 16:59:35,981 | INFO | Use pytorch device_name: cpu
2026-02-07 16:59:35,981 | INFO | Load pretrained SentenceTransformer: paraphrase-multilingual-MiniLM-L12-v2
2026-02-07 16:59:38,966 | INFO | Adding job tentatively -- it will be properly scheduled when the scheduler starts
2026-02-07 16:59:38,968 | INFO | Added job "send_reminder" to job store "default"
2026-02-07 16:59:38,968 | INFO | Scheduler started
2026-02-07 16:59:38,968 | INFO | Планировщик запущен: ежедневные напоминания в 09:00 UTC
2026-02-07 16:59:38,968 | INFO | Планировщик запущен
2026-02-07 16:59:38,968 | INFO | Start polling
2026-02-07 16:59:39,106 | INFO | Run polling for bot @kytchi_bot id=8469370108 - 'КЫТЧИ'
2026-02-07 17:00:00,194 | INFO | Update id=240992455 is handled. Duration 156 ms by bot id=8469370108
2026-02-07 17:00:02,471 | INFO | Update id=240992456 is handled. Duration 78 ms by bot id=8469370108
2026-02-07 17:00:04,069 | INFO | Пользователь 5312854410 добавлен в БД с городом 3
2026-02-07 17:00:04,147 | INFO | Update id=240992457 is handled. Duration 77 ms by bot id=8469370108
2026-02-07 17:00:05,846 | INFO | Рекомендовано событий: 5
2026-02-07 17:00:05,847 | INFO | [show_event] attempt=0, current_index=0, len=5
2026-02-07 17:00:05,847 | INFO | [show_event] Событие №0: {'id': 25325, 'title': 'Московская музейная неделя', 'description': '<p>Московская музейная неделя — акция, в рамках которой некоторые столичные музеи можно бесплатно посещать в закреплённые за культурными учреждениями дни в каждую третью неделю месяца. Рассказываем, когда и куда идти, не доставая кошелёк.</p>', 'start_datetime': 1770584400, 'event_url': 'https://kudago.com/msk/event/dni-otkrytyh-dverej-v-muzeyah-moskvy/', 'status_ml': [{'score': 0.6058583651869833, 'category': 'Исследователи городской среды', 'description': ''}, {'score': 0.46292162408361925, 'category': 'Винтаж‑коллекционеры', 'description': ''}], 'likes': 2429, 'address': '', 'place_title': ''}
2026-02-07 17:00:05,943 | INFO | Update id=240992458 is handled. Duration 110 ms by bot id=8469370108
2026-02-07 17:00:10,441 | INFO | [show_event] attempt=0, current_index=1, len=5
2026-02-07 17:00:10,442 | INFO | [show_event] Событие №1: {'id': 10013, 'title': 'спектакль «Мастер и Маргарита» в МХТ им. А. П. Чехова', 'description': '<p>Фантасмагорические фантазии Булгакова отлично прижились на мхатовских подмостках, не утратив сатирических намёков, философских раздумий, теолого-мистических настроений и лирической линии заглавных героев. Знаменитый венгерский режиссёр театра и кино Янош Сас не колеблясь отправил героев романа в абстрактный XXI век, а местом действия сделал московское метро.</p>\n', 'start_datetime': 1771516800, 'event_url': 'https://kudago.com/msk/event/spektakl-master-i-margarita-bulgakova-mht-chehova/', 'status_ml': [{'score': 0.5657877174828545, 'category': 'Интеллектуалы‑гуманитарии', 'description': ''}, {'score': 0.5649748969781491, 'category': 'Театралы‑классики', 'description': ''}, {'score': 0.5484128806732007, 'category': 'Молодые театралы', 'description': ''}, {'score': 0.5425042100627202, 'category': 'Литературные гурманы', 'description': ''}, {'score': 0.522852140011544, 'category': 'Любители иммерсивного театра', 'description': ''}, {'score': 0.49777733481377184, 'category': 'Исследователи городской среды', 'description': ''}, {'score': 0.4851309035687808, 'category': 'Эзотерики и мистики', 'description': ''}, {'score': 0.4832917892838044, 'category': 'Кино‑ и сериальные фанаты', 'description': ''}, {'score': 0.4646213723398711, 'category': 'Фанаты научной фантастики (литературные)', 'description': ''}, {'score': 0.4641889974808555, 'category': 'Любители абсурда и чёрного юмора', 'description': ''}], 'likes': 868, 'address': '', 'place_title': ''}
2026-02-07 17:00:10,521 | INFO | Update id=240992459 is handled. Duration 125 ms by bot id=8469370108
2026-02-07 17:00:12,253 | INFO | [show_event] attempt=0, current_index=2, len=5
2026-02-07 17:00:12,254 | INFO | [show_event] Событие №2: {'id': 175349, 'title': 'маркет «4 сезона»', 'description': '<p>Осенний маркет порадует гостей уникальными изделиями от мастеров и атмосферой европейской ярмарки. На одной площадке соберутся талантливые дизайнеры, мастера хэндмейда и авторские бренды самых разных направлений.</p>', 'start_datetime': 1772269200, 'event_url': 'https://kudago.com/msk/event/festival-market-4-sezona/', 'status_ml': [{'score': 0.6053076719575843, 'category': 'Любители винтажной моды', 'description': ''}, {'score': 0.597222917655853, 'category': 'Фанаты уличных фестивалей', 'description': ''}, {'score': 0.5256664500954277, 'category': 'Любители гастрономических туров', 'description': ''}, {'score': 0.5213012101121973, 'category': 'Ценители винтажной моды', 'description': ''}, {'score': 0.5096038701273191, 'category': 'Любители гастрономического театра', 'description': ''}, {'score': 0.4887034238600412, 'category': 'Последователи веганского кулинарного искусства', 'description': ''}, {'score': 0.4754811336185206, 'category': 'Поклонники этнического искусства', 'description': ''}, {'score': 0.46186681460401535, 'category': 'Любители ботаники и садоводства', 'description': ''}, {'score': 0.4610457680026084, 'category': 'Любители керамического искусства', 'description': ''}, {'score': 0.4548882556298444, 'category': 'Фанаты настольных стратегий', 'description': ''}], 'likes': 733, 'address': '', 'place_title': ''}
2026-02-07 17:00:12,333 | INFO | Update id=240992460 is handled. Duration 125 ms by bot id=8469370108
2026-02-07 17:00:13,731 | INFO | [show_event] attempt=0, current_index=3, len=5
2026-02-07 17:00:13,731 | INFO | [show_event] Событие №3: {'id': 168727, 'title': 'тур по барам Москвы от City Pub Crawl', 'description': '<p>City Pub Crawl знают, как организовать незабываемую вечеринку, — по выходным компания устраивает игровые туры с путешествиями по барам и пабам города, увлекательными и неожиданными заданиями, танцами и, разумеется, знакомствами!</p>\n', 'start_datetime': 1770485400, 'event_url': 'https://kudago.com/msk/event/vecherinka-tur-po-baram-moskvyi-ot-city-pub-crawl/', 'status_ml': [{'score': 0.5976650186633476, 'category': 'Исследователи городской среды', 'description': ''}, {'score': 0.5846950938557827, 'category': 'Фанаты уличных фестивалей', 'description': ''}, {'score': 0.5744906364710239, 'category': 'Ночные искатели приключений', 'description': ''}, {'score': 0.4763339150419099, 'category': 'Фанаты настольных игр', 'description': ''}, {'score': 0.4762563126397905, 'category': 'Реперки', 'description': ''}, {'score': 0.47280524422423276, 'category': 'Поклонники перформативного искусства', 'description': ''}, {'score': 0.4692955058662557, 'category': 'Фанаты уличных перформансов', 'description': ''}, {'score': 0.4568266522003156, 'category': 'Любители интеллектуальных квестов', 'description': ''}, {'score': 0.45658090339524043, 'category': 'Фанаты настольных стратегий', 'description': ''}, {'score': 0.44239554474386383, 'category': 'Любители гастрономического театра', 'description': ''}], 'likes': 428, 'address': '', 'place_title': ''}
2026-02-07 17:00:13,818 | INFO | Update id=240992461 is handled. Duration 141 ms by bot id=8469370108
2026-02-07 17:00:15,063 | INFO | [show_event] attempt=0, current_index=4, len=5
2026-02-07 17:00:15,063 | INFO | [show_event] Событие №4: {'id': 152472, 'title': 'вечер знакомств «EYEGAZING, или Свидания без слов» от FastLife', 'description': '<p>Фраза Eye gazing ни о чём вам не говорит? Тогда расскажем о ней подробнее. С английского словосочетание можно перевести как «Зрительный контакт». Speed Dating такого формата подразумевает встречу, во время которой люди общаются без слов. Говорят, глаза — зеркало души. Приходите на вечер быстрых свиданий от «ФастЛайф», чтобы в этом убедиться.</p>\n', 'start_datetime': 1771074000, 'event_url': 'https://kudago.com/msk/event/vecherinka-eyegazing-ili-svidaniya-bez-slov/', 'status_ml': [{'score': 0.6345356910920609, 'category': 'Активные одиночки', 'description': ''}, {'score': 0.4098038255468065, 'category': 'Ночные искатели приключений', 'description': ''}], 'likes': 427, 'address': '', 'place_title': ''}
2026-02-07 17:00:15,151 | INFO | Update id=240992462 is handled. Duration 156 ms by bot id=8469370108
2026-02-07 17:00:16,549 | INFO | [show_event] attempt=0, current_index=5, len=5
2026-02-07 17:00:16,611 | INFO | Update id=240992463 is handled. Duration 125 ms by bot id=8469370108
2026-02-07 17:00:19,069 | INFO | Рекомендовано событий: 5
2026-02-07 17:00:19,069 | INFO | [show_event] attempt=0, current_index=0, len=5
2026-02-07 17:00:19,069 | INFO | [show_event] Событие №0: {'id': 73961, 'title': 'пробные уроки по хастлу (парные танцы)', 'description': '<p>Хастл — парный танец, развивающий индивидуальность, подвижность и творческое мышление. В студии танца Alpha Dance состоится пробный урок по хастлу, на котором можно познакомиться с преподавателями и насладиться настоящим феерическим дэнс-шоу.</p>\n', 'start_datetime': 1770555600, 'event_url': 'https://kudago.com/msk/event/otkrytyj-urok-po-hastlu-msk/', 'status_ml': [{'score': 0.7526576288744442, 'category': 'Фитнес‑энтузиасты с креативным уклоном', 'description': ''}, {'score': 0.7225203607090009, 'category': 'Поклонники современного танца', 'description': ''}, {'score': 0.7065318943863514, 'category': 'Поклонники этнического танца', 'description': ''}, {'score': 0.5603293798538628, 'category': 'Адепты wellness и медитации', 'description': ''}, {'score': 0.5581808809032538, 'category': 'Спортивные энтузиасты', 'description': ''}, {'score': 0.5442902004210228, 'category': 'Любители интеллектуальных квестов', 'description': ''}, {'score': 0.504457338726358, 'category': 'Фанаты мюзиклов и Бродвея', 'description': ''}, {'score': 0.4644365823049824, 'category': 'Фанаты исторического фехтования', 'description': ''}, {'score': 0.4512257225794385, 'category': 'Любители научного поп‑просвещения', 'description': ''}, {'score': 0.4241596328784414, 'category': 'Последователи slow living', 'description': ''}], 'likes': 401, 'address': '', 'place_title': ''}
2026-02-07 17:00:19,159 | INFO | Update id=240992464 is handled. Duration 93 ms by bot id=8469370108
2026-02-07 17:00:28,028 | INFO | Polling stopped
2026-02-07 17:00:28,299 | INFO | Планировщик остановлен
2026-02-07 17:00:28,301 | INFO | Scheduler has been shut down
2026-02-07 17:00:28,302 | INFO | Polling stopped for bot @kytchi_bot id=8469370108 - 'КЫТЧИ'
